2026-03-13 14:15:20,749 [INFO] SmartPicks Scraper starting...
2026-03-13 14:15:20,749 [INFO] Python version: 3.13.6 (tags/v3.13.6:4e66535, Aug  6 2025, 14:36:00) [MSC v.1944 64 bit (AMD64)]
2026-03-13 14:15:20,749 [INFO] SUPABASE_URL set: True
2026-03-13 14:15:20,749 [INFO] SUPABASE_KEY set: True
2026-03-13 14:15:20,749 [INFO] MAIL_USERNAME set: False
2026-03-13 14:15:23,037 [INFO] ============================================================
2026-03-13 14:15:23,037 [INFO] SmartPicks Scraper - Main
2026-03-13 14:15:23,037 [INFO] ============================================================
--- Logging error ---
Traceback (most recent call last):
  File "C:\Python313\Lib\logging\__init__.py", line 1154, in emit
    stream.write(msg + self.terminator)
    ~~~~~~~~~~~~^^^^^^^^^^^^^^^^^^^^^^^
  File "C:\Python313\Lib\encodings\cp1252.py", line 19, in encode
    return codecs.charmap_encode(input,self.errors,encoding_table)[0]
           ~~~~~~~~~~~~~~~~~~~~~^^^^^^^^^^^^^^^^^^^^^^^^^^^^^^^^^^
UnicodeEncodeError: 'charmap' codec can't encode character '\u2705' in position 53: character maps to <undefined>
Call stack:
  File "C:\Users\snatt\Documents\MY_APP_PROJECTS_NEW\smart-basket\scraper\main.py", line 186, in <module>
    main()
  File "C:\Users\snatt\Documents\MY_APP_PROJECTS_NEW\smart-basket\scraper\main.py", line 110, in main
    logger.info("Connected to Supabase \u2705")
Message: 'Connected to Supabase \u2705'
Arguments: ()
2026-03-13 14:15:23,600 [INFO] Scraping Woolworths...
2026-03-13 14:15:26,103 [INFO] Woolworths 'Half Price' page 1: 44 products (total so far: 44/1709)
2026-03-13 14:15:28,429 [INFO] Woolworths 'Half Price' page 2: 42 products (total so far: 86/1709)
2026-03-13 14:15:31,704 [INFO] Woolworths 'Half Price' page 3: 38 products (total so far: 124/1709)
2026-03-13 14:15:33,611 [INFO] Woolworths 'Half Price' page 4: 31 products (total so far: 155/1709)
2026-03-13 14:15:36,556 [INFO] Woolworths 'Half Price' page 5: 35 products (total so far: 190/1709)
2026-03-13 14:15:38,161 [INFO] Woolworths 'Half Price' page 6: 35 products (total so far: 225/1709)
2026-03-13 14:15:41,016 [INFO] Woolworths 'Half Price' page 7: 34 products (total so far: 259/1709)
2026-03-13 14:15:43,179 [INFO] Woolworths 'Half Price' page 8: 35 products (total so far: 294/1709)
2026-03-13 14:15:46,765 [INFO] Woolworths 'Half Price' page 9: 31 products (total so far: 325/1709)
2026-03-13 14:15:49,705 [INFO] Woolworths 'Half Price' page 10: 35 products (total so far: 360/1709)
^C2026-03-13 14:15:54,387 [INFO] SmartPicks Scraper starting...
2026-03-13 14:15:54,394 [INFO] Python version: 3.13.6 (tags/v3.13.6:4e66535, Aug  6 2025, 14:36:00) [MSC v.1944 64 bit (AMD64)]
2026-03-13 14:15:54,394 [INFO] SUPABASE_URL set: True
2026-03-13 14:15:54,394 [INFO] SUPABASE_KEY set: True
2026-03-13 14:15:54,394 [INFO] MAIL_USERNAME set: False
2026-03-13 14:15:55,604 [INFO] ============================================================
2026-03-13 14:15:55,604 [INFO] SmartPicks Scraper - Main
2026-03-13 14:15:55,604 [INFO] ============================================================
--- Logging error ---
Traceback (most recent call last):
  File "C:\Python313\Lib\logging\__init__.py", line 1154, in emit
    stream.write(msg + self.terminator)
    ~~~~~~~~~~~~^^^^^^^^^^^^^^^^^^^^^^^
  File "C:\Python313\Lib\encodings\cp1252.py", line 19, in encode
    return codecs.charmap_encode(input,self.errors,encoding_table)[0]
           ~~~~~~~~~~~~~~~~~~~~~^^^^^^^^^^^^^^^^^^^^^^^^^^^^^^^^^^
UnicodeEncodeError: 'charmap' codec can't encode character '\u2705' in position 53: character maps to <undefined>
Call stack:
  File "C:\Users\snatt\Documents\MY_APP_PROJECTS_NEW\smart-basket\scraper\main.py", line 186, in <module>
    main()
  File "C:\Users\snatt\Documents\MY_APP_PROJECTS_NEW\smart-basket\scraper\main.py", line 110, in main
    logger.info("Connected to Supabase \u2705")
Message: 'Connected to Supabase \u2705'
Arguments: ()
2026-03-13 14:15:56,131 [INFO] Scraping Woolworths...
2026-03-13 14:15:58,528 [INFO] Woolworths 'Half Price' page 1: 44 products (total so far: 44/1709)
2026-03-13 14:16:00,990 [INFO] Woolworths 'Half Price' page 2: 42 products (total so far: 86/1709)
2026-03-13 14:16:03,434 [INFO] Woolworths 'Half Price' page 3: 38 products (total so far: 124/1709)
2026-03-13 14:16:05,144 [INFO] Woolworths 'Half Price' page 4: 31 products (total so far: 155/1709)
2026-03-13 14:16:06,996 [INFO] Woolworths 'Half Price' page 5: 35 products (total so far: 190/1709)
2026-03-13 14:16:09,548 [INFO] Woolworths 'Half Price' page 6: 35 products (total so far: 225/1709)
2026-03-13 14:16:12,305 [INFO] Woolworths 'Half Price' page 7: 34 products (total so far: 259/1709)
2026-03-13 14:16:13,996 [INFO] Woolworths 'Half Price' page 8: 35 products (total so far: 294/1709)
2026-03-13 14:16:16,186 [INFO] Woolworths 'Half Price' page 9: 31 products (total so far: 325/1709)
2026-03-13 14:16:18,322 [INFO] Woolworths 'Half Price' page 10: 35 products (total so far: 360/1709)
2026-03-13 14:16:20,843 [INFO] Woolworths 'Half Price' page 11: 34 products (total so far: 394/1709)
2026-03-13 14:16:23,391 [INFO] Woolworths 'Half Price' page 12: 35 products (total so far: 429/1709)
2026-03-13 14:16:25,692 [INFO] Woolworths 'Half Price' page 13: 34 products (total so far: 463/1709)
2026-03-13 14:16:27,953 [INFO] Woolworths 'Half Price' page 14: 32 products (total so far: 495/1709)
2026-03-13 14:16:29,679 [INFO] Woolworths 'Half Price' page 15: 36 products (total so far: 531/1709)
2026-03-13 14:16:32,692 [INFO] Woolworths 'Half Price' page 16: 36 products (total so far: 567/1709)
2026-03-13 14:16:34,189 [INFO] Woolworths 'Half Price' page 17: 33 products (total so far: 600/1709)
2026-03-13 14:16:36,706 [INFO] Woolworths 'Half Price' page 18: 35 products (total so far: 635/1709)
2026-03-13 14:16:39,325 [INFO] Woolworths 'Half Price' page 19: 34 products (total so far: 669/1709)
2026-03-13 14:16:41,650 [INFO] Woolworths 'Half Price' page 20: 34 products (total so far: 703/1709)
2026-03-13 14:16:44,553 [INFO] Woolworths 'Half Price' page 21: 34 products (total so far: 737/1709)
2026-03-13 14:16:46,375 [INFO] Woolworths 'Half Price' page 22: 35 products (total so far: 772/1709)
2026-03-13 14:16:48,707 [INFO] Woolworths 'Half Price' page 23: 34 products (total so far: 806/1709)
2026-03-13 14:16:50,772 [INFO] Woolworths 'Half Price' page 24: 36 products (total so far: 842/1709)
2026-03-13 14:16:52,573 [INFO] Woolworths 'Half Price' page 25: 32 products (total so far: 874/1709)
2026-03-13 14:16:54,706 [INFO] Woolworths 'Half Price' page 26: 33 products (total so far: 907/1709)
2026-03-13 14:16:56,981 [INFO] Woolworths 'Half Price' page 27: 34 products (total so far: 941/1709)
2026-03-13 14:16:58,872 [INFO] Woolworths 'Half Price' page 28: 35 products (total so far: 976/1709)
2026-03-13 14:17:00,722 [INFO] Woolworths 'Half Price' page 29: 31 products (total so far: 1007/1709)
2026-03-13 14:17:03,099 [INFO] Woolworths 'Half Price' page 30: 30 products (total so far: 1037/1709)
2026-03-13 14:17:05,450 [INFO] Woolworths 'Half Price' page 31: 32 products (total so far: 1069/1709)
2026-03-13 14:17:07,813 [INFO] Woolworths 'Half Price' page 32: 31 products (total so far: 1100/1709)
2026-03-13 14:17:09,662 [INFO] Woolworths 'Half Price' page 33: 33 products (total so far: 1133/1709)
2026-03-13 14:17:12,085 [INFO] Woolworths 'Half Price' page 34: 31 products (total so far: 1164/1709)
2026-03-13 14:17:14,262 [INFO] Woolworths 'Half Price' page 35: 34 products (total so far: 1198/1709)
2026-03-13 14:17:16,708 [INFO] Woolworths 'Half Price' page 36: 34 products (total so far: 1232/1709)
2026-03-13 14:17:18,704 [INFO] Woolworths 'Half Price' page 37: 32 products (total so far: 1264/1709)
2026-03-13 14:17:21,761 [INFO] Woolworths 'Half Price' page 38: 32 products (total so far: 1296/1709)
2026-03-13 14:17:23,656 [INFO] Woolworths 'Half Price' page 39: 36 products (total so far: 1332/1709)
2026-03-13 14:17:26,363 [INFO] Woolworths 'Half Price' page 40: 32 products (total so far: 1364/1709)
2026-03-13 14:17:28,585 [INFO] Woolworths 'Half Price' page 41: 32 products (total so far: 1396/1709)
2026-03-13 14:17:31,456 [INFO] Woolworths 'Half Price' page 42: 29 products (total so far: 1425/1709)
2026-03-13 14:17:33,772 [INFO] Woolworths 'Half Price' page 43: 36 products (total so far: 1461/1709)
2026-03-13 14:17:35,531 [INFO] Woolworths 'Half Price' page 44: 30 products (total so far: 1491/1709)
2026-03-13 14:17:37,507 [INFO] Woolworths 'Half Price' page 45: 36 products (total so far: 1527/1709)
2026-03-13 14:17:39,957 [INFO] Woolworths 'Half Price' page 46: 32 products (total so far: 1559/1709)
2026-03-13 14:17:42,466 [INFO] Woolworths 'Half Price' page 47: 34 products (total so far: 1593/1709)
2026-03-13 14:17:44,083 [INFO] Woolworths 'Half Price' page 48: 17 products (total so far: 1610/1709)
2026-03-13 14:17:44,083 [INFO] Woolworths 'Half Price': 1610 specials scraped
2026-03-13 14:17:46,363 [INFO] Woolworths 'Lower Shelf Price' page 1: 36 products (total so far: 36/716)
2026-03-13 14:17:48,322 [INFO] Woolworths 'Lower Shelf Price' page 2: 36 products (total so far: 72/716)
2026-03-13 14:17:50,264 [INFO] Woolworths 'Lower Shelf Price' page 3: 35 products (total so far: 107/716)
2026-03-13 14:17:52,377 [INFO] Woolworths 'Lower Shelf Price' page 4: 36 products (total so far: 143/716)
2026-03-13 14:17:54,590 [INFO] Woolworths 'Lower Shelf Price' page 5: 36 products (total so far: 179/716)
2026-03-13 14:17:57,251 [INFO] Woolworths 'Lower Shelf Price' page 6: 36 products (total so far: 215/716)
2026-03-13 14:17:59,181 [INFO] Woolworths 'Lower Shelf Price' page 7: 35 products (total so far: 250/716)
2026-03-13 14:18:01,607 [INFO] Woolworths 'Lower Shelf Price' page 8: 36 products (total so far: 286/716)
2026-03-13 14:18:04,003 [INFO] Woolworths 'Lower Shelf Price' page 9: 34 products (total so far: 320/716)
2026-03-13 14:18:05,926 [INFO] Woolworths 'Lower Shelf Price' page 10: 36 products (total so far: 356/716)
2026-03-13 14:18:08,568 [INFO] Woolworths 'Lower Shelf Price' page 11: 33 products (total so far: 389/716)
2026-03-13 14:18:11,043 [INFO] Woolworths 'Lower Shelf Price' page 12: 35 products (total so far: 424/716)
2026-03-13 14:18:13,774 [INFO] Woolworths 'Lower Shelf Price' page 13: 35 products (total so far: 459/716)
2026-03-13 14:18:15,957 [INFO] Woolworths 'Lower Shelf Price' page 14: 35 products (total so far: 494/716)
2026-03-13 14:18:18,448 [INFO] Woolworths 'Lower Shelf Price' page 15: 34 products (total so far: 528/716)
2026-03-13 14:18:20,418 [INFO] Woolworths 'Lower Shelf Price' page 16: 35 products (total so far: 563/716)
2026-03-13 14:18:22,467 [INFO] Woolworths 'Lower Shelf Price' page 17: 35 products (total so far: 598/716)
2026-03-13 14:18:24,623 [INFO] Woolworths 'Lower Shelf Price' page 18: 36 products (total so far: 634/716)
2026-03-13 14:18:27,238 [INFO] Woolworths 'Lower Shelf Price' page 19: 36 products (total so far: 670/716)
2026-03-13 14:18:29,079 [INFO] Woolworths 'Lower Shelf Price' page 20: 32 products (total so far: 702/716)
2026-03-13 14:18:29,079 [INFO] Woolworths 'Lower Shelf Price': 702 specials scraped
2026-03-13 14:18:32,476 [INFO] Woolworths 'Everyday Low Price' page 1: 44 products (total so far: 44/2854)
2026-03-13 14:18:34,189 [INFO] Woolworths 'Everyday Low Price' page 2: 43 products (total so far: 87/2854)
2026-03-13 14:18:37,134 [INFO] Woolworths 'Everyday Low Price' page 3: 43 products (total so far: 130/2854)
2026-03-13 14:18:39,823 [INFO] Woolworths 'Everyday Low Price' page 4: 43 products (total so far: 173/2854)
2026-03-13 14:18:42,338 [INFO] Woolworths 'Everyday Low Price' page 5: 42 products (total so far: 215/2854)
2026-03-13 14:18:44,444 [INFO] Woolworths 'Everyday Low Price' page 6: 36 products (total so far: 251/2854)
2026-03-13 14:18:47,012 [INFO] Woolworths 'Everyday Low Price' page 7: 35 products (total so far: 286/2854)
2026-03-13 14:18:49,107 [INFO] Woolworths 'Everyday Low Price' page 8: 35 products (total so far: 321/2854)
2026-03-13 14:18:51,277 [INFO] Woolworths 'Everyday Low Price' page 9: 36 products (total so far: 357/2854)
2026-03-13 14:18:53,575 [INFO] Woolworths 'Everyday Low Price' page 10: 33 products (total so far: 390/2854)
2026-03-13 14:18:56,187 [INFO] Woolworths 'Everyday Low Price' page 11: 34 products (total so far: 424/2854)
2026-03-13 14:18:58,262 [INFO] Woolworths 'Everyday Low Price' page 12: 36 products (total so far: 460/2854)
2026-03-13 14:19:00,924 [INFO] Woolworths 'Everyday Low Price' page 13: 36 products (total so far: 496/2854)
2026-03-13 14:19:03,659 [INFO] Woolworths 'Everyday Low Price' page 14: 36 products (total so far: 532/2854)
2026-03-13 14:19:06,042 [INFO] Woolworths 'Everyday Low Price' page 15: 36 products (total so far: 568/2854)
2026-03-13 14:19:08,869 [INFO] Woolworths 'Everyday Low Price' page 16: 35 products (total so far: 603/2854)
2026-03-13 14:19:11,102 [INFO] Woolworths 'Everyday Low Price' page 17: 36 products (total so far: 639/2854)
2026-03-13 14:19:12,968 [INFO] Woolworths 'Everyday Low Price' page 18: 35 products (total so far: 674/2854)
2026-03-13 14:19:15,391 [INFO] Woolworths 'Everyday Low Price' page 19: 36 products (total so far: 710/2854)
2026-03-13 14:19:17,736 [INFO] Woolworths 'Everyday Low Price' page 20: 34 products (total so far: 744/2854)
2026-03-13 14:19:20,179 [INFO] Woolworths 'Everyday Low Price' page 21: 33 products (total so far: 777/2854)
2026-03-13 14:19:22,372 [INFO] Woolworths 'Everyday Low Price' page 22: 36 products (total so far: 813/2854)
2026-03-13 14:19:24,710 [INFO] Woolworths 'Everyday Low Price' page 23: 34 products (total so far: 847/2854)
2026-03-13 14:19:28,040 [INFO] Woolworths 'Everyday Low Price' page 24: 33 products (total so far: 880/2854)
2026-03-13 14:19:30,633 [INFO] Woolworths 'Everyday Low Price' page 25: 35 products (total so far: 915/2854)
2026-03-13 14:19:32,463 [INFO] Woolworths 'Everyday Low Price' page 26: 36 products (total so far: 951/2854)
2026-03-13 14:19:34,774 [INFO] Woolworths 'Everyday Low Price' page 27: 34 products (total so far: 985/2854)
2026-03-13 14:19:36,593 [INFO] Woolworths 'Everyday Low Price' page 28: 36 products (total so far: 1021/2854)
2026-03-13 14:19:38,807 [INFO] Woolworths 'Everyday Low Price' page 29: 35 products (total so far: 1056/2854)
2026-03-13 14:19:41,368 [INFO] Woolworths 'Everyday Low Price' page 30: 35 products (total so far: 1091/2854)
2026-03-13 14:19:43,407 [INFO] Woolworths 'Everyday Low Price' page 31: 35 products (total so far: 1126/2854)
2026-03-13 14:19:45,870 [INFO] Woolworths 'Everyday Low Price' page 32: 34 products (total so far: 1160/2854)
2026-03-13 14:19:48,272 [INFO] Woolworths 'Everyday Low Price' page 33: 35 products (total so far: 1195/2854)
2026-03-13 14:19:50,424 [INFO] Woolworths 'Everyday Low Price' page 34: 34 products (total so far: 1229/2854)
2026-03-13 14:19:52,695 [INFO] Woolworths 'Everyday Low Price' page 35: 36 products (total so far: 1265/2854)
2026-03-13 14:19:55,128 [INFO] Woolworths 'Everyday Low Price' page 36: 34 products (total so far: 1299/2854)
2026-03-13 14:19:57,730 [INFO] Woolworths 'Everyday Low Price' page 37: 34 products (total so far: 1333/2854)
2026-03-13 14:19:59,866 [INFO] Woolworths 'Everyday Low Price' page 38: 36 products (total so far: 1369/2854)
2026-03-13 14:20:02,260 [INFO] Woolworths 'Everyday Low Price' page 39: 34 products (total so far: 1403/2854)
2026-03-13 14:20:04,464 [INFO] Woolworths 'Everyday Low Price' page 40: 36 products (total so far: 1439/2854)
2026-03-13 14:20:07,225 [INFO] Woolworths 'Everyday Low Price' page 41: 35 products (total so far: 1474/2854)
2026-03-13 14:20:09,432 [INFO] Woolworths 'Everyday Low Price' page 42: 34 products (total so far: 1508/2854)
2026-03-13 14:20:11,801 [INFO] Woolworths 'Everyday Low Price' page 43: 34 products (total so far: 1542/2854)
2026-03-13 14:20:14,516 [INFO] Woolworths 'Everyday Low Price' page 44: 36 products (total so far: 1578/2854)
2026-03-13 14:20:16,109 [INFO] Woolworths 'Everyday Low Price' page 45: 36 products (total so far: 1614/2854)
2026-03-13 14:20:18,261 [INFO] Woolworths 'Everyday Low Price' page 46: 36 products (total so far: 1650/2854)
2026-03-13 14:20:20,438 [INFO] Woolworths 'Everyday Low Price' page 47: 33 products (total so far: 1683/2854)
2026-03-13 14:20:21,908 [INFO] Woolworths 'Everyday Low Price' page 48: 36 products (total so far: 1719/2854)
2026-03-13 14:20:24,655 [INFO] Woolworths 'Everyday Low Price' page 49: 36 products (total so far: 1755/2854)
2026-03-13 14:20:26,516 [INFO] Woolworths 'Everyday Low Price' page 50: 34 products (total so far: 1789/2854)
2026-03-13 14:20:29,182 [INFO] Woolworths 'Everyday Low Price' page 51: 33 products (total so far: 1822/2854)
2026-03-13 14:20:31,718 [INFO] Woolworths 'Everyday Low Price' page 52: 34 products (total so far: 1856/2854)
2026-03-13 14:20:34,561 [INFO] Woolworths 'Everyday Low Price' page 53: 34 products (total so far: 1890/2854)
2026-03-13 14:20:36,649 [INFO] Woolworths 'Everyday Low Price' page 54: 35 products (total so far: 1925/2854)
2026-03-13 14:20:39,324 [INFO] Woolworths 'Everyday Low Price' page 55: 34 products (total so far: 1959/2854)
2026-03-13 14:20:41,453 [INFO] Woolworths 'Everyday Low Price' page 56: 36 products (total so far: 1995/2854)
2026-03-13 14:20:43,412 [INFO] Woolworths 'Everyday Low Price' page 57: 32 products (total so far: 2027/2854)
2026-03-13 14:20:45,545 [INFO] Woolworths 'Everyday Low Price' page 58: 36 products (total so far: 2063/2854)
2026-03-13 14:20:48,223 [INFO] Woolworths 'Everyday Low Price' page 59: 36 products (total so far: 2099/2854)
2026-03-13 14:20:50,618 [INFO] Woolworths 'Everyday Low Price' page 60: 34 products (total so far: 2133/2854)
2026-03-13 14:20:52,765 [INFO] Woolworths 'Everyday Low Price' page 61: 34 products (total so far: 2167/2854)
2026-03-13 14:20:55,075 [INFO] Woolworths 'Everyday Low Price' page 62: 36 products (total so far: 2203/2854)
2026-03-13 14:20:57,378 [INFO] Woolworths 'Everyday Low Price' page 63: 33 products (total so far: 2236/2854)
2026-03-13 14:21:00,379 [INFO] Woolworths 'Everyday Low Price' page 64: 36 products (total so far: 2272/2854)
2026-03-13 14:21:02,785 [INFO] Woolworths 'Everyday Low Price' page 65: 33 products (total so far: 2305/2854)
2026-03-13 14:21:04,753 [INFO] Woolworths 'Everyday Low Price' page 66: 35 products (total so far: 2340/2854)
2026-03-13 14:21:06,982 [INFO] Woolworths 'Everyday Low Price' page 67: 35 products (total so far: 2375/2854)
2026-03-13 14:21:09,276 [INFO] Woolworths 'Everyday Low Price' page 68: 34 products (total so far: 2409/2854)
2026-03-13 14:21:11,460 [INFO] Woolworths 'Everyday Low Price' page 69: 36 products (total so far: 2445/2854)
2026-03-13 14:21:13,431 [INFO] Woolworths 'Everyday Low Price' page 70: 35 products (total so far: 2480/2854)
2026-03-13 14:21:16,065 [INFO] Woolworths 'Everyday Low Price' page 71: 34 products (total so far: 2514/2854)
2026-03-13 14:21:18,406 [INFO] Woolworths 'Everyday Low Price' page 72: 35 products (total so far: 2549/2854)
2026-03-13 14:21:21,027 [INFO] Woolworths 'Everyday Low Price' page 73: 28 products (total so far: 2577/2854)
2026-03-13 14:21:23,428 [INFO] Woolworths 'Everyday Low Price' page 74: 34 products (total so far: 2611/2854)
2026-03-13 14:21:25,883 [INFO] Woolworths 'Everyday Low Price' page 75: 34 products (total so far: 2645/2854)
2026-03-13 14:21:27,847 [INFO] Woolworths 'Everyday Low Price' page 76: 35 products (total so far: 2680/2854)
2026-03-13 14:21:29,971 [INFO] Woolworths 'Everyday Low Price' page 77: 35 products (total so far: 2715/2854)
2026-03-13 14:21:33,033 [INFO] Woolworths 'Everyday Low Price' page 78: 34 products (total so far: 2749/2854)
2026-03-13 14:21:36,351 [INFO] Woolworths 'Everyday Low Price' page 79: 31 products (total so far: 2780/2854)
2026-03-13 14:21:38,245 [INFO] Woolworths 'Everyday Low Price' page 80: 5 products (total so far: 2785/2854)
2026-03-13 14:21:38,246 [INFO] Woolworths 'Everyday Low Price': 2785 specials scraped
2026-03-13 14:21:41,666 [INFO] Woolworths 'Autumn Price' page 1: 41 products (total so far: 41/431)
2026-03-13 14:21:44,158 [INFO] Woolworths 'Autumn Price' page 2: 43 products (total so far: 84/431)
2026-03-13 14:21:47,078 [INFO] Woolworths 'Autumn Price' page 3: 36 products (total so far: 120/431)
2026-03-13 14:21:49,475 [INFO] Woolworths 'Autumn Price' page 4: 34 products (total so far: 154/431)
2026-03-13 14:21:52,268 [INFO] Woolworths 'Autumn Price' page 5: 32 products (total so far: 186/431)
2026-03-13 14:21:54,666 [INFO] Woolworths 'Autumn Price' page 6: 34 products (total so far: 220/431)
2026-03-13 14:21:56,871 [INFO] Woolworths 'Autumn Price' page 7: 32 products (total so far: 252/431)
2026-03-13 14:21:58,800 [INFO] Woolworths 'Autumn Price' page 8: 34 products (total so far: 286/431)
2026-03-13 14:22:01,798 [INFO] Woolworths 'Autumn Price' page 9: 35 products (total so far: 321/431)
2026-03-13 14:22:04,336 [INFO] Woolworths 'Autumn Price' page 10: 33 products (total so far: 354/431)
2026-03-13 14:22:06,112 [INFO] Woolworths 'Autumn Price' page 11: 36 products (total so far: 390/431)
2026-03-13 14:22:09,148 [INFO] Woolworths 'Autumn Price' page 12: 33 products (total so far: 423/431)
2026-03-13 14:22:09,148 [INFO] Woolworths 'Autumn Price': 423 specials scraped
2026-03-13 14:22:12,069 [INFO] Woolworths 'Buy More Save More' page 1: 42 products (total so far: 42/941)
2026-03-13 14:22:14,468 [INFO] Woolworths 'Buy More Save More' page 2: 42 products (total so far: 84/941)
2026-03-13 14:22:16,719 [INFO] Woolworths 'Buy More Save More' page 3: 44 products (total so far: 128/941)
2026-03-13 14:22:19,258 [INFO] Woolworths 'Buy More Save More' page 4: 43 products (total so far: 171/941)
2026-03-13 14:22:21,682 [INFO] Woolworths 'Buy More Save More' page 5: 35 products (total so far: 206/941)
2026-03-13 14:22:24,014 [INFO] Woolworths 'Buy More Save More' page 6: 35 products (total so far: 241/941)
2026-03-13 14:22:26,258 [INFO] Woolworths 'Buy More Save More' page 7: 36 products (total so far: 277/941)
2026-03-13 14:22:28,598 [INFO] Woolworths 'Buy More Save More' page 8: 35 products (total so far: 312/941)
2026-03-13 14:22:30,984 [INFO] Woolworths 'Buy More Save More' page 9: 34 products (total so far: 346/941)
2026-03-13 14:22:33,273 [INFO] Woolworths 'Buy More Save More' page 10: 32 products (total so far: 378/941)
2026-03-13 14:22:35,600 [INFO] Woolworths 'Buy More Save More' page 11: 33 products (total so far: 411/941)
2026-03-13 14:22:38,023 [INFO] Woolworths 'Buy More Save More' page 12: 34 products (total so far: 445/941)
2026-03-13 14:22:40,364 [INFO] Woolworths 'Buy More Save More' page 13: 35 products (total so far: 480/941)
2026-03-13 14:22:43,228 [INFO] Woolworths 'Buy More Save More' page 14: 35 products (total so far: 515/941)
2026-03-13 14:22:45,440 [INFO] Woolworths 'Buy More Save More' page 15: 35 products (total so far: 550/941)
2026-03-13 14:22:47,480 [INFO] Woolworths 'Buy More Save More' page 16: 36 products (total so far: 586/941)
2026-03-13 14:22:50,376 [INFO] Woolworths 'Buy More Save More' page 17: 33 products (total so far: 619/941)
2026-03-13 14:22:52,190 [INFO] Woolworths 'Buy More Save More' page 18: 36 products (total so far: 655/941)
2026-03-13 14:22:54,544 [INFO] Woolworths 'Buy More Save More' page 19: 35 products (total so far: 690/941)
2026-03-13 14:22:57,173 [INFO] Woolworths 'Buy More Save More' page 20: 35 products (total so far: 725/941)
2026-03-13 14:22:59,564 [INFO] Woolworths 'Buy More Save More' page 21: 34 products (total so far: 759/941)
2026-03-13 14:23:01,817 [INFO] Woolworths 'Buy More Save More' page 22: 28 products (total so far: 787/941)
2026-03-13 14:23:04,109 [INFO] Woolworths 'Buy More Save More' page 23: 34 products (total so far: 821/941)
2026-03-13 14:23:06,604 [INFO] Woolworths 'Buy More Save More' page 24: 33 products (total so far: 854/941)
2026-03-13 14:23:09,195 [INFO] Woolworths 'Buy More Save More' page 25: 26 products (total so far: 880/941)
2026-03-13 14:23:11,041 [INFO] Woolworths 'Buy More Save More' page 26: 32 products (total so far: 912/941)
2026-03-13 14:23:13,595 [INFO] Woolworths 'Buy More Save More' page 27: 4 products (total so far: 916/941)
2026-03-13 14:23:13,595 [INFO] Woolworths 'Buy More Save More': 916 specials scraped
2026-03-13 14:23:15,340 [INFO] Woolworths total: 6436 unique specials, 0 blocked, 0 errors
2026-03-13 14:23:15,341 [INFO] Woolworths: 6436 specials, 0 blocked, 0 errors
2026-03-13 14:23:15,341 [INFO] Scraping Coles...
2026-03-13 14:23:16,509 [INFO] Coles buildId: 20260310.4-d51173fab603623c68e557a054992d8939a1a9e7
2026-03-13 14:23:18,062 [INFO] Coles: 7337 specials across 153 pages (pageSize=48)
2026-03-13 14:23:18,062 [INFO] Coles page 1: 58 products
2026-03-13 14:23:18,317 [INFO] Coles page 2/153: 57 products (total: 115)
2026-03-13 14:23:19,230 [INFO] Coles page 3/153: 58 products (total: 173)
2026-03-13 14:23:20,823 [INFO] Coles page 4/153: 58 products (total: 231)
2026-03-13 14:23:21,799 [INFO] Coles page 5/153: 58 products (total: 289)
2026-03-13 14:23:22,985 [INFO] Coles page 6/153: 57 products (total: 346)
2026-03-13 14:23:23,818 [INFO] Coles page 7/153: 47 products (total: 393)
2026-03-13 14:23:25,097 [INFO] Coles page 8/153: 48 products (total: 441)
2026-03-13 14:23:26,519 [INFO] Coles page 9/153: 48 products (total: 489)
2026-03-13 14:23:27,324 [INFO] Coles page 10/153: 48 products (total: 537)
2026-03-13 14:23:28,482 [INFO] Coles page 11/153: 48 products (total: 585)
2026-03-13 14:23:29,589 [INFO] Coles page 12/153: 48 products (total: 633)
2026-03-13 14:23:30,640 [INFO] Coles page 13/153: 48 products (total: 681)
2026-03-13 14:23:31,868 [INFO] Coles page 14/153: 48 products (total: 729)
2026-03-13 14:23:33,024 [INFO] Coles page 15/153: 48 products (total: 777)
2026-03-13 14:23:33,822 [INFO] Coles page 16/153: 48 products (total: 825)
2026-03-13 14:23:34,714 [INFO] Coles page 17/153: 48 products (total: 873)
2026-03-13 14:23:35,730 [INFO] Coles page 18/153: 48 products (total: 921)
2026-03-13 14:23:36,693 [INFO] Coles page 19/153: 48 products (total: 969)
2026-03-13 14:23:38,093 [INFO] Coles page 20/153: 48 products (total: 1017)
2026-03-13 14:23:39,232 [INFO] Coles page 21/153: 48 products (total: 1065)
2026-03-13 14:23:40,697 [INFO] Coles page 22/153: 48 products (total: 1113)
2026-03-13 14:23:41,559 [INFO] Coles page 23/153: 48 products (total: 1161)
2026-03-13 14:23:42,875 [INFO] Coles page 24/153: 48 products (total: 1209)
2026-03-13 14:23:43,948 [INFO] Coles page 25/153: 48 products (total: 1257)
2026-03-13 14:23:44,775 [INFO] Coles page 26/153: 48 products (total: 1305)
2026-03-13 14:23:45,917 [INFO] Coles page 27/153: 48 products (total: 1353)
2026-03-13 14:23:47,058 [INFO] Coles page 28/153: 48 products (total: 1401)
2026-03-13 14:23:48,312 [INFO] Coles page 29/153: 48 products (total: 1449)
2026-03-13 14:23:49,240 [INFO] Coles page 30/153: 48 products (total: 1497)
2026-03-13 14:23:50,302 [INFO] Coles page 31/153: 48 products (total: 1545)
2026-03-13 14:23:51,493 [INFO] Coles page 32/153: 48 products (total: 1593)
2026-03-13 14:23:52,850 [INFO] Coles page 33/153: 46 products (total: 1639)
2026-03-13 14:23:53,733 [INFO] Coles page 34/153: 47 products (total: 1686)
2026-03-13 14:23:54,828 [INFO] Coles page 35/153: 48 products (total: 1734)
2026-03-13 14:23:56,671 [INFO] Coles page 36/153: 48 products (total: 1782)
2026-03-13 14:23:57,883 [INFO] Coles page 37/153: 44 products (total: 1826)
2026-03-13 14:23:59,355 [INFO] Coles page 38/153: 47 products (total: 1873)
2026-03-13 14:24:00,537 [INFO] Coles page 39/153: 47 products (total: 1920)
2026-03-13 14:24:01,567 [INFO] Coles page 40/153: 46 products (total: 1966)
2026-03-13 14:24:02,799 [INFO] Coles page 41/153: 47 products (total: 2013)
2026-03-13 14:24:04,149 [INFO] Coles page 42/153: 48 products (total: 2061)
2026-03-13 14:24:05,706 [INFO] Coles page 43/153: 48 products (total: 2109)
2026-03-13 14:24:06,596 [INFO] Coles page 44/153: 48 products (total: 2157)
2026-03-13 14:24:07,711 [INFO] Coles page 45/153: 47 products (total: 2204)
2026-03-13 14:24:08,626 [INFO] Coles page 46/153: 46 products (total: 2250)
2026-03-13 14:24:10,178 [INFO] Coles page 47/153: 48 products (total: 2298)
2026-03-13 14:24:11,696 [INFO] Coles page 48/153: 48 products (total: 2346)
2026-03-13 14:24:12,936 [INFO] Coles page 49/153: 48 products (total: 2394)
2026-03-13 14:24:14,363 [INFO] Coles page 50/153: 48 products (total: 2442)
2026-03-13 14:24:16,896 [INFO] Coles page 51/153: 48 products (total: 2490)
2026-03-13 14:24:17,907 [INFO] Coles page 52/153: 48 products (total: 2538)
2026-03-13 14:24:19,333 [INFO] Coles page 53/153: 48 products (total: 2586)
2026-03-13 14:24:20,398 [INFO] Coles page 54/153: 47 products (total: 2633)
2026-03-13 14:24:21,898 [INFO] Coles page 55/153: 48 products (total: 2681)
2026-03-13 14:24:23,670 [INFO] Coles page 56/153: 48 products (total: 2729)
2026-03-13 14:24:25,164 [INFO] Coles page 57/153: 48 products (total: 2777)
2026-03-13 14:24:26,827 [INFO] Coles page 58/153: 48 products (total: 2825)
2026-03-13 14:24:28,042 [INFO] Coles page 59/153: 47 products (total: 2872)
2026-03-13 14:24:29,281 [INFO] Coles page 60/153: 47 products (total: 2919)
2026-03-13 14:24:30,758 [INFO] Coles page 61/153: 48 products (total: 2967)
2026-03-13 14:24:32,004 [INFO] Coles page 62/153: 47 products (total: 3014)
2026-03-13 14:24:33,442 [INFO] Coles page 63/153: 48 products (total: 3062)
2026-03-13 14:24:34,741 [INFO] Coles page 64/153: 48 products (total: 3110)
2026-03-13 14:24:35,954 [INFO] Coles page 65/153: 48 products (total: 3158)
2026-03-13 14:24:37,311 [INFO] Coles page 66/153: 48 products (total: 3206)
2026-03-13 14:24:38,424 [INFO] Coles page 67/153: 48 products (total: 3254)
2026-03-13 14:24:39,933 [INFO] Coles page 68/153: 48 products (total: 3302)
2026-03-13 14:24:41,859 [INFO] Coles page 69/153: 48 products (total: 3350)
2026-03-13 14:24:43,756 [INFO] Coles page 70/153: 48 products (total: 3398)
2026-03-13 14:24:44,895 [INFO] Coles page 71/153: 48 products (total: 3446)
2026-03-13 14:24:45,876 [INFO] Coles page 72/153: 47 products (total: 3493)
2026-03-13 14:24:47,151 [INFO] Coles page 73/153: 48 products (total: 3541)
2026-03-13 14:24:48,297 [INFO] Coles page 74/153: 48 products (total: 3589)
2026-03-13 14:24:49,673 [INFO] Coles page 75/153: 48 products (total: 3637)
2026-03-13 14:24:50,941 [INFO] Coles page 76/153: 47 products (total: 3684)
2026-03-13 14:24:52,116 [INFO] Coles page 77/153: 48 products (total: 3732)
2026-03-13 14:24:53,118 [INFO] Coles page 78/153: 47 products (total: 3779)
2026-03-13 14:24:54,487 [INFO] Coles page 79/153: 47 products (total: 3826)
2026-03-13 14:24:55,564 [INFO] Coles page 80/153: 47 products (total: 3873)
2026-03-13 14:24:56,644 [INFO] Coles page 81/153: 47 products (total: 3920)
2026-03-13 14:24:58,089 [INFO] Coles page 82/153: 47 products (total: 3967)
2026-03-13 14:24:59,731 [INFO] Coles page 83/153: 48 products (total: 4015)
2026-03-13 14:25:01,080 [INFO] Coles page 84/153: 47 products (total: 4062)
2026-03-13 14:25:02,152 [INFO] Coles page 85/153: 48 products (total: 4110)
2026-03-13 14:25:03,473 [INFO] Coles page 86/153: 48 products (total: 4158)
2026-03-13 14:25:04,739 [INFO] Coles page 87/153: 47 products (total: 4205)
2026-03-13 14:25:06,130 [INFO] Coles page 88/153: 47 products (total: 4252)
2026-03-13 14:25:07,111 [INFO] Coles page 89/153: 47 products (total: 4299)
2026-03-13 14:25:08,605 [INFO] Coles page 90/153: 48 products (total: 4347)
2026-03-13 14:25:09,600 [INFO] Coles page 91/153: 46 products (total: 4393)
2026-03-13 14:25:10,874 [INFO] Coles page 92/153: 47 products (total: 4440)
2026-03-13 14:25:11,791 [INFO] Coles page 93/153: 46 products (total: 4486)
2026-03-13 14:25:13,410 [INFO] Coles page 94/153: 48 products (total: 4534)
2026-03-13 14:25:14,844 [INFO] Coles page 95/153: 48 products (total: 4582)
2026-03-13 14:25:16,371 [INFO] Coles page 96/153: 48 products (total: 4630)
2026-03-13 14:25:18,032 [INFO] Coles page 97/153: 48 products (total: 4678)
2026-03-13 14:25:19,377 [INFO] Coles page 98/153: 47 products (total: 4725)
2026-03-13 14:25:20,659 [INFO] Coles page 99/153: 47 products (total: 4772)
2026-03-13 14:25:22,017 [INFO] Coles page 100/153: 48 products (total: 4820)
2026-03-13 14:25:23,327 [INFO] Coles page 101/153: 48 products (total: 4868)
2026-03-13 14:25:24,782 [INFO] Coles page 102/153: 47 products (total: 4915)
2026-03-13 14:25:26,230 [INFO] Coles page 103/153: 47 products (total: 4962)
2026-03-13 14:25:27,367 [INFO] Coles page 104/153: 47 products (total: 5009)
2026-03-13 14:25:28,785 [INFO] Coles page 105/153: 48 products (total: 5057)
2026-03-13 14:25:30,064 [INFO] Coles page 106/153: 48 products (total: 5105)
2026-03-13 14:25:31,766 [INFO] Coles page 107/153: 47 products (total: 5152)
2026-03-13 14:25:33,568 [INFO] Coles page 108/153: 47 products (total: 5199)
2026-03-13 14:25:34,606 [INFO] Coles page 109/153: 48 products (total: 5247)
2026-03-13 14:25:35,817 [INFO] Coles page 110/153: 48 products (total: 5295)
2026-03-13 14:25:37,050 [INFO] Coles page 111/153: 47 products (total: 5342)
2026-03-13 14:25:38,266 [INFO] Coles page 112/153: 47 products (total: 5389)
2026-03-13 14:25:39,309 [INFO] Coles page 113/153: 48 products (total: 5437)
2026-03-13 14:25:40,655 [INFO] Coles page 114/153: 47 products (total: 5484)
2026-03-13 14:25:42,161 [INFO] Coles page 115/153: 48 products (total: 5532)
2026-03-13 14:25:43,366 [INFO] Coles page 116/153: 47 products (total: 5579)
2026-03-13 14:25:44,346 [INFO] Coles page 117/153: 48 products (total: 5627)
2026-03-13 14:25:45,863 [INFO] Coles page 118/153: 48 products (total: 5675)
2026-03-13 14:25:47,012 [INFO] Coles page 119/153: 45 products (total: 5720)
2026-03-13 14:25:48,469 [INFO] Coles page 120/153: 48 products (total: 5768)
2026-03-13 14:25:49,579 [INFO] Coles page 121/153: 48 products (total: 5816)
2026-03-13 14:25:50,455 [INFO] Coles page 122/153: 48 products (total: 5864)
2026-03-13 14:25:52,020 [INFO] Coles page 123/153: 48 products (total: 5912)
2026-03-13 14:25:53,671 [INFO] Coles page 124/153: 47 products (total: 5959)
2026-03-13 14:25:55,137 [INFO] Coles page 125/153: 48 products (total: 6007)
2026-03-13 14:25:56,429 [INFO] Coles page 126/153: 48 products (total: 6055)
2026-03-13 14:25:58,183 [INFO] Coles page 127/153: 47 products (total: 6102)
2026-03-13 14:25:59,645 [INFO] Coles page 128/153: 48 products (total: 6150)
2026-03-13 14:26:00,749 [INFO] Coles page 129/153: 48 products (total: 6198)
2026-03-13 14:26:01,784 [INFO] Coles page 130/153: 47 products (total: 6245)
2026-03-13 14:26:03,419 [INFO] Coles page 131/153: 48 products (total: 6293)
2026-03-13 14:26:04,919 [INFO] Coles page 132/153: 48 products (total: 6341)
2026-03-13 14:26:06,498 [INFO] Coles page 133/153: 48 products (total: 6389)
2026-03-13 14:26:07,391 [INFO] Coles page 134/153: 48 products (total: 6437)
2026-03-13 14:26:08,890 [INFO] Coles page 135/153: 48 products (total: 6485)
2026-03-13 14:26:10,480 [INFO] Coles page 136/153: 48 products (total: 6533)
2026-03-13 14:26:11,795 [INFO] Coles page 137/153: 46 products (total: 6579)
2026-03-13 14:26:12,971 [INFO] Coles page 138/153: 48 products (total: 6627)
2026-03-13 14:26:14,437 [INFO] Coles page 139/153: 47 products (total: 6674)
2026-03-13 14:26:15,824 [INFO] Coles page 140/153: 48 products (total: 6722)
2026-03-13 14:26:17,082 [INFO] Coles page 141/153: 47 products (total: 6769)
2026-03-13 14:26:18,783 [INFO] Coles page 142/153: 48 products (total: 6817)
2026-03-13 14:26:20,323 [INFO] Coles page 143/153: 48 products (total: 6865)
2026-03-13 14:26:21,705 [INFO] Coles page 144/153: 48 products (total: 6913)
2026-03-13 14:26:23,623 [INFO] Coles page 145/153: 48 products (total: 6961)
2026-03-13 14:26:25,267 [INFO] Coles page 146/153: 48 products (total: 7009)
2026-03-13 14:26:26,660 [INFO] Coles page 147/153: 48 products (total: 7057)
2026-03-13 14:26:27,945 [INFO] Coles page 148/153: 46 products (total: 7103)
2026-03-13 14:26:29,381 [INFO] Coles page 149/153: 48 products (total: 7151)
2026-03-13 14:26:30,628 [INFO] Coles page 150/153: 48 products (total: 7199)
2026-03-13 14:26:31,972 [INFO] Coles page 151/153: 48 products (total: 7247)
2026-03-13 14:26:33,461 [INFO] Coles page 152/153: 48 products (total: 7295)
2026-03-13 14:26:34,787 [INFO] Coles page 153/153: 41 products (total: 7336)
2026-03-13 14:26:35,648 [INFO] Coles total: 7336 unique specials, 0 blocked, 0 errors
2026-03-13 14:26:35,650 [INFO] Coles: 7336 specials, 0 blocked, 0 errors
2026-03-13 14:26:37,356 [INFO] HTTP Request: DELETE https://bqwexelzzxgolvzmmovo.supabase.co/rest/v1/specials?scraped_at=lt.2026-03-13T04%3A15%3A55.604262%2B00%3A00 "HTTP/2 200 OK"
2026-03-13 14:26:38,476 [INFO] Cleared old specials
2026-03-13 14:26:38,731 [INFO] HTTP Request: POST https://bqwexelzzxgolvzmmovo.supabase.co/rest/v1/specials?on_conflict=store%2Cstockcode&columns=%22unit_price%22%2C%22special_type%22%2C%22store%22%2C%22thumbnail%22%2C%22scraped_at%22%2C%22brand%22%2C%22is_half_price%22%2C%22was_price%22%2C%22saving%22%2C%22category%22%2C%22saving_pct%22%2C%22name%22%2C%22stockcode%22%2C%22price%22 "HTTP/2 201 Created"
2026-03-13 14:26:38,759 [INFO] Saved chunk 1: 500 records
2026-03-13 14:26:38,972 [INFO] HTTP Request: POST https://bqwexelzzxgolvzmmovo.supabase.co/rest/v1/specials?on_conflict=store%2Cstockcode&columns=%22unit_price%22%2C%22special_type%22%2C%22store%22%2C%22thumbnail%22%2C%22scraped_at%22%2C%22brand%22%2C%22is_half_price%22%2C%22was_price%22%2C%22saving%22%2C%22category%22%2C%22saving_pct%22%2C%22name%22%2C%22stockcode%22%2C%22price%22 "HTTP/2 201 Created"
2026-03-13 14:26:39,006 [INFO] Saved chunk 2: 500 records
2026-03-13 14:26:39,183 [INFO] HTTP Request: POST https://bqwexelzzxgolvzmmovo.supabase.co/rest/v1/specials?on_conflict=store%2Cstockcode&columns=%22unit_price%22%2C%22special_type%22%2C%22store%22%2C%22thumbnail%22%2C%22scraped_at%22%2C%22brand%22%2C%22is_half_price%22%2C%22was_price%22%2C%22saving%22%2C%22category%22%2C%22saving_pct%22%2C%22name%22%2C%22stockcode%22%2C%22price%22 "HTTP/2 201 Created"
2026-03-13 14:26:39,210 [INFO] Saved chunk 3: 500 records
2026-03-13 14:26:39,399 [INFO] HTTP Request: POST https://bqwexelzzxgolvzmmovo.supabase.co/rest/v1/specials?on_conflict=store%2Cstockcode&columns=%22unit_price%22%2C%22special_type%22%2C%22store%22%2C%22thumbnail%22%2C%22scraped_at%22%2C%22brand%22%2C%22is_half_price%22%2C%22was_price%22%2C%22saving%22%2C%22category%22%2C%22saving_pct%22%2C%22name%22%2C%22stockcode%22%2C%22price%22 "HTTP/2 201 Created"
2026-03-13 14:26:39,426 [INFO] Saved chunk 4: 500 records
2026-03-13 14:26:39,636 [INFO] HTTP Request: POST https://bqwexelzzxgolvzmmovo.supabase.co/rest/v1/specials?on_conflict=store%2Cstockcode&columns=%22unit_price%22%2C%22special_type%22%2C%22store%22%2C%22thumbnail%22%2C%22scraped_at%22%2C%22brand%22%2C%22is_half_price%22%2C%22was_price%22%2C%22saving%22%2C%22category%22%2C%22saving_pct%22%2C%22name%22%2C%22stockcode%22%2C%22price%22 "HTTP/2 201 Created"
2026-03-13 14:26:39,661 [INFO] Saved chunk 5: 500 records
2026-03-13 14:26:39,892 [INFO] HTTP Request: POST https://bqwexelzzxgolvzmmovo.supabase.co/rest/v1/specials?on_conflict=store%2Cstockcode&columns=%22unit_price%22%2C%22special_type%22%2C%22store%22%2C%22thumbnail%22%2C%22scraped_at%22%2C%22brand%22%2C%22is_half_price%22%2C%22was_price%22%2C%22saving%22%2C%22category%22%2C%22saving_pct%22%2C%22name%22%2C%22stockcode%22%2C%22price%22 "HTTP/2 201 Created"
2026-03-13 14:26:39,931 [INFO] Saved chunk 6: 500 records
2026-03-13 14:26:40,155 [INFO] HTTP Request: POST https://bqwexelzzxgolvzmmovo.supabase.co/rest/v1/specials?on_conflict=store%2Cstockcode&columns=%22unit_price%22%2C%22special_type%22%2C%22store%22%2C%22thumbnail%22%2C%22scraped_at%22%2C%22brand%22%2C%22is_half_price%22%2C%22was_price%22%2C%22saving%22%2C%22category%22%2C%22saving_pct%22%2C%22name%22%2C%22stockcode%22%2C%22price%22 "HTTP/2 201 Created"
2026-03-13 14:26:40,183 [INFO] Saved chunk 7: 500 records
2026-03-13 14:26:40,412 [INFO] HTTP Request: POST https://bqwexelzzxgolvzmmovo.supabase.co/rest/v1/specials?on_conflict=store%2Cstockcode&columns=%22unit_price%22%2C%22special_type%22%2C%22store%22%2C%22thumbnail%22%2C%22scraped_at%22%2C%22brand%22%2C%22is_half_price%22%2C%22was_price%22%2C%22saving%22%2C%22category%22%2C%22saving_pct%22%2C%22name%22%2C%22stockcode%22%2C%22price%22 "HTTP/2 201 Created"
2026-03-13 14:26:40,438 [INFO] Saved chunk 8: 500 records
2026-03-13 14:26:40,654 [INFO] HTTP Request: POST https://bqwexelzzxgolvzmmovo.supabase.co/rest/v1/specials?on_conflict=store%2Cstockcode&columns=%22unit_price%22%2C%22special_type%22%2C%22store%22%2C%22thumbnail%22%2C%22scraped_at%22%2C%22brand%22%2C%22is_half_price%22%2C%22was_price%22%2C%22saving%22%2C%22category%22%2C%22saving_pct%22%2C%22name%22%2C%22stockcode%22%2C%22price%22 "HTTP/2 201 Created"
2026-03-13 14:26:40,688 [INFO] Saved chunk 9: 500 records
2026-03-13 14:26:40,859 [INFO] HTTP Request: POST https://bqwexelzzxgolvzmmovo.supabase.co/rest/v1/specials?on_conflict=store%2Cstockcode&columns=%22unit_price%22%2C%22special_type%22%2C%22store%22%2C%22thumbnail%22%2C%22scraped_at%22%2C%22brand%22%2C%22is_half_price%22%2C%22was_price%22%2C%22saving%22%2C%22category%22%2C%22saving_pct%22%2C%22name%22%2C%22stockcode%22%2C%22price%22 "HTTP/2 201 Created"
2026-03-13 14:26:40,890 [INFO] Saved chunk 10: 500 records
2026-03-13 14:26:41,064 [INFO] HTTP Request: POST https://bqwexelzzxgolvzmmovo.supabase.co/rest/v1/specials?on_conflict=store%2Cstockcode&columns=%22unit_price%22%2C%22special_type%22%2C%22store%22%2C%22thumbnail%22%2C%22scraped_at%22%2C%22brand%22%2C%22is_half_price%22%2C%22was_price%22%2C%22saving%22%2C%22category%22%2C%22saving_pct%22%2C%22name%22%2C%22stockcode%22%2C%22price%22 "HTTP/2 201 Created"
2026-03-13 14:26:41,090 [INFO] Saved chunk 11: 500 records
2026-03-13 14:26:41,229 [INFO] HTTP Request: POST https://bqwexelzzxgolvzmmovo.supabase.co/rest/v1/specials?on_conflict=store%2Cstockcode&columns=%22unit_price%22%2C%22special_type%22%2C%22store%22%2C%22thumbnail%22%2C%22scraped_at%22%2C%22brand%22%2C%22is_half_price%22%2C%22was_price%22%2C%22saving%22%2C%22category%22%2C%22saving_pct%22%2C%22name%22%2C%22stockcode%22%2C%22price%22 "HTTP/2 201 Created"
2026-03-13 14:26:41,257 [INFO] Saved chunk 12: 500 records
2026-03-13 14:26:41,456 [INFO] HTTP Request: POST https://bqwexelzzxgolvzmmovo.supabase.co/rest/v1/specials?on_conflict=store%2Cstockcode&columns=%22unit_price%22%2C%22special_type%22%2C%22offer_description%22%2C%22store%22%2C%22thumbnail%22%2C%22scraped_at%22%2C%22brand%22%2C%22is_half_price%22%2C%22was_price%22%2C%22saving%22%2C%22category%22%2C%22saving_pct%22%2C%22name%22%2C%22stockcode%22%2C%22price%22 "HTTP/2 201 Created"
2026-03-13 14:26:41,482 [INFO] Saved chunk 13: 500 records
2026-03-13 14:26:41,669 [INFO] HTTP Request: POST https://bqwexelzzxgolvzmmovo.supabase.co/rest/v1/specials?on_conflict=store%2Cstockcode&columns=%22unit_price%22%2C%22special_type%22%2C%22offer_description%22%2C%22store%22%2C%22thumbnail%22%2C%22scraped_at%22%2C%22brand%22%2C%22is_half_price%22%2C%22was_price%22%2C%22saving%22%2C%22category%22%2C%22saving_pct%22%2C%22name%22%2C%22stockcode%22%2C%22price%22 "HTTP/2 201 Created"
2026-03-13 14:26:41,976 [INFO] Saved chunk 14: 500 records
2026-03-13 14:26:42,134 [INFO] HTTP Request: POST https://bqwexelzzxgolvzmmovo.supabase.co/rest/v1/specials?on_conflict=store%2Cstockcode&columns=%22unit_price%22%2C%22special_type%22%2C%22offer_description%22%2C%22store%22%2C%22thumbnail%22%2C%22scraped_at%22%2C%22brand%22%2C%22is_half_price%22%2C%22was_price%22%2C%22saving%22%2C%22category%22%2C%22saving_pct%22%2C%22name%22%2C%22stockcode%22%2C%22price%22 "HTTP/2 201 Created"
2026-03-13 14:26:42,163 [INFO] Saved chunk 15: 500 records
2026-03-13 14:26:42,315 [INFO] HTTP Request: POST https://bqwexelzzxgolvzmmovo.supabase.co/rest/v1/specials?on_conflict=store%2Cstockcode&columns=%22unit_price%22%2C%22special_type%22%2C%22offer_description%22%2C%22store%22%2C%22thumbnail%22%2C%22scraped_at%22%2C%22brand%22%2C%22is_half_price%22%2C%22was_price%22%2C%22saving%22%2C%22category%22%2C%22saving_pct%22%2C%22name%22%2C%22stockcode%22%2C%22price%22 "HTTP/2 201 Created"
2026-03-13 14:26:42,342 [INFO] Saved chunk 16: 500 records
2026-03-13 14:26:42,486 [INFO] HTTP Request: POST https://bqwexelzzxgolvzmmovo.supabase.co/rest/v1/specials?on_conflict=store%2Cstockcode&columns=%22unit_price%22%2C%22special_type%22%2C%22offer_description%22%2C%22store%22%2C%22thumbnail%22%2C%22scraped_at%22%2C%22brand%22%2C%22is_half_price%22%2C%22was_price%22%2C%22saving%22%2C%22category%22%2C%22saving_pct%22%2C%22name%22%2C%22stockcode%22%2C%22price%22 "HTTP/2 201 Created"
2026-03-13 14:26:42,516 [INFO] Saved chunk 17: 500 records
2026-03-13 14:26:42,663 [INFO] HTTP Request: POST https://bqwexelzzxgolvzmmovo.supabase.co/rest/v1/specials?on_conflict=store%2Cstockcode&columns=%22unit_price%22%2C%22special_type%22%2C%22offer_description%22%2C%22store%22%2C%22thumbnail%22%2C%22scraped_at%22%2C%22brand%22%2C%22is_half_price%22%2C%22was_price%22%2C%22saving%22%2C%22category%22%2C%22saving_pct%22%2C%22name%22%2C%22stockcode%22%2C%22price%22 "HTTP/2 201 Created"
2026-03-13 14:26:42,691 [INFO] Saved chunk 18: 500 records
2026-03-13 14:26:42,930 [INFO] HTTP Request: POST https://bqwexelzzxgolvzmmovo.supabase.co/rest/v1/specials?on_conflict=store%2Cstockcode&columns=%22unit_price%22%2C%22special_type%22%2C%22offer_description%22%2C%22store%22%2C%22thumbnail%22%2C%22scraped_at%22%2C%22brand%22%2C%22is_half_price%22%2C%22was_price%22%2C%22saving%22%2C%22category%22%2C%22saving_pct%22%2C%22name%22%2C%22stockcode%22%2C%22price%22 "HTTP/2 201 Created"
2026-03-13 14:26:42,957 [INFO] Saved chunk 19: 500 records
2026-03-13 14:26:43,110 [INFO] HTTP Request: POST https://bqwexelzzxgolvzmmovo.supabase.co/rest/v1/specials?on_conflict=store%2Cstockcode&columns=%22unit_price%22%2C%22special_type%22%2C%22offer_description%22%2C%22store%22%2C%22thumbnail%22%2C%22scraped_at%22%2C%22brand%22%2C%22is_half_price%22%2C%22was_price%22%2C%22saving%22%2C%22category%22%2C%22saving_pct%22%2C%22name%22%2C%22stockcode%22%2C%22price%22 "HTTP/2 201 Created"
2026-03-13 14:26:43,150 [INFO] Saved chunk 20: 500 records
2026-03-13 14:26:43,370 [INFO] HTTP Request: POST https://bqwexelzzxgolvzmmovo.supabase.co/rest/v1/specials?on_conflict=store%2Cstockcode&columns=%22unit_price%22%2C%22special_type%22%2C%22offer_description%22%2C%22store%22%2C%22thumbnail%22%2C%22scraped_at%22%2C%22brand%22%2C%22is_half_price%22%2C%22was_price%22%2C%22saving%22%2C%22category%22%2C%22saving_pct%22%2C%22name%22%2C%22stockcode%22%2C%22price%22 "HTTP/2 201 Created"
2026-03-13 14:26:43,401 [INFO] Saved chunk 21: 500 records
2026-03-13 14:26:43,564 [INFO] HTTP Request: POST https://bqwexelzzxgolvzmmovo.supabase.co/rest/v1/specials?on_conflict=store%2Cstockcode&columns=%22unit_price%22%2C%22special_type%22%2C%22offer_description%22%2C%22store%22%2C%22thumbnail%22%2C%22scraped_at%22%2C%22brand%22%2C%22is_half_price%22%2C%22was_price%22%2C%22saving%22%2C%22category%22%2C%22saving_pct%22%2C%22name%22%2C%22stockcode%22%2C%22price%22 "HTTP/2 201 Created"
2026-03-13 14:26:43,602 [INFO] Saved chunk 22: 500 records
2026-03-13 14:26:43,741 [INFO] HTTP Request: POST https://bqwexelzzxgolvzmmovo.supabase.co/rest/v1/specials?on_conflict=store%2Cstockcode&columns=%22unit_price%22%2C%22special_type%22%2C%22offer_description%22%2C%22store%22%2C%22thumbnail%22%2C%22scraped_at%22%2C%22brand%22%2C%22is_half_price%22%2C%22was_price%22%2C%22saving%22%2C%22category%22%2C%22saving_pct%22%2C%22name%22%2C%22stockcode%22%2C%22price%22 "HTTP/2 201 Created"
2026-03-13 14:26:43,767 [INFO] Saved chunk 23: 500 records
2026-03-13 14:26:43,904 [INFO] HTTP Request: POST https://bqwexelzzxgolvzmmovo.supabase.co/rest/v1/specials?on_conflict=store%2Cstockcode&columns=%22unit_price%22%2C%22special_type%22%2C%22offer_description%22%2C%22store%22%2C%22thumbnail%22%2C%22scraped_at%22%2C%22brand%22%2C%22is_half_price%22%2C%22was_price%22%2C%22saving%22%2C%22category%22%2C%22saving_pct%22%2C%22name%22%2C%22stockcode%22%2C%22price%22 "HTTP/2 201 Created"
2026-03-13 14:26:43,931 [INFO] Saved chunk 24: 500 records
2026-03-13 14:26:44,054 [INFO] HTTP Request: POST https://bqwexelzzxgolvzmmovo.supabase.co/rest/v1/specials?on_conflict=store%2Cstockcode&columns=%22unit_price%22%2C%22special_type%22%2C%22offer_description%22%2C%22store%22%2C%22thumbnail%22%2C%22scraped_at%22%2C%22brand%22%2C%22is_half_price%22%2C%22was_price%22%2C%22saving%22%2C%22category%22%2C%22saving_pct%22%2C%22name%22%2C%22stockcode%22%2C%22price%22 "HTTP/2 201 Created"
2026-03-13 14:26:44,081 [INFO] Saved chunk 25: 500 records
2026-03-13 14:26:44,238 [INFO] HTTP Request: POST https://bqwexelzzxgolvzmmovo.supabase.co/rest/v1/specials?on_conflict=store%2Cstockcode&columns=%22unit_price%22%2C%22special_type%22%2C%22offer_description%22%2C%22store%22%2C%22thumbnail%22%2C%22scraped_at%22%2C%22brand%22%2C%22is_half_price%22%2C%22was_price%22%2C%22saving%22%2C%22category%22%2C%22saving_pct%22%2C%22name%22%2C%22stockcode%22%2C%22price%22 "HTTP/2 201 Created"
2026-03-13 14:26:44,268 [INFO] Saved chunk 26: 500 records
2026-03-13 14:26:44,479 [INFO] HTTP Request: POST https://bqwexelzzxgolvzmmovo.supabase.co/rest/v1/specials?on_conflict=store%2Cstockcode&columns=%22unit_price%22%2C%22special_type%22%2C%22offer_description%22%2C%22store%22%2C%22thumbnail%22%2C%22scraped_at%22%2C%22brand%22%2C%22is_half_price%22%2C%22was_price%22%2C%22saving%22%2C%22category%22%2C%22saving_pct%22%2C%22name%22%2C%22stockcode%22%2C%22price%22 "HTTP/2 201 Created"
2026-03-13 14:26:44,510 [INFO] Saved chunk 27: 500 records
2026-03-13 14:26:44,655 [INFO] HTTP Request: POST https://bqwexelzzxgolvzmmovo.supabase.co/rest/v1/specials?on_conflict=store%2Cstockcode&columns=%22unit_price%22%2C%22special_type%22%2C%22offer_description%22%2C%22store%22%2C%22thumbnail%22%2C%22scraped_at%22%2C%22brand%22%2C%22is_half_price%22%2C%22was_price%22%2C%22saving%22%2C%22category%22%2C%22saving_pct%22%2C%22name%22%2C%22stockcode%22%2C%22price%22 "HTTP/2 201 Created"
2026-03-13 14:26:44,671 [INFO] Saved chunk 28: 272 records
2026-03-13 14:26:44,671 [INFO] Total saved to Supabase: 13772
2026-03-13 14:26:44,746 [INFO] HTTP Request: POST https://bqwexelzzxgolvzmmovo.supabase.co/rest/v1/scrape_log "HTTP/2 201 Created"
2026-03-13 14:26:44,746 [INFO] Scrape run logged to Supabase
2026-03-13 14:26:44,746 [WARNING] No mail credentials — skipping alert email
--- Logging error ---
Traceback (most recent call last):
  File "C:\Python313\Lib\logging\__init__.py", line 1154, in emit
    stream.write(msg + self.terminator)
    ~~~~~~~~~~~~^^^^^^^^^^^^^^^^^^^^^^^
  File "C:\Python313\Lib\encodings\cp1252.py", line 19, in encode
    return codecs.charmap_encode(input,self.errors,encoding_table)[0]
           ~~~~~~~~~~~~~~~~~~~~~^^^^^^^^^^^^^^^^^^^^^^^^^^^^^^^^^^
UnicodeEncodeError: 'charmap' codec can't encode character '\u2705' in position 31: character maps to <undefined>
Call stack:
  File "C:\Users\snatt\Documents\MY_APP_PROJECTS_NEW\smart-basket\scraper\main.py", line 186, in <module>
    main()
  File "C:\Users\snatt\Documents\MY_APP_PROJECTS_NEW\smart-basket\scraper\main.py", line 182, in main
    logger.info(f"\u2705 Done! Woolworths: {w_total}  Coles: {c_total}  Saved: {total_saved}")
Message: '\u2705 Done! Woolworths: 6436  Coles: 7336  Saved: 13772'
Arguments: ()
